<?xml version="1.0" encoding="UTF-8"?>
<testsuite name="com.mjc.school.service.NewsControllerTest" tests="11" skipped="0" failures="0" errors="0" timestamp="2023-06-22T12:06:37" hostname="NAZIGYGABYTE" time="0.274">
  <properties/>
  <testcase name="createSameNewsTwice()" classname="com.mjc.school.service.NewsControllerTest" time="0.19"/>
  <testcase name="createNewsLengthExceptionTitleIsTooSmall()" classname="com.mjc.school.service.NewsControllerTest" time="0.006"/>
  <testcase name="createNewsLengthExceptionContentIsTooBig()" classname="com.mjc.school.service.NewsControllerTest" time="0.005"/>
  <testcase name="updateNews()" classname="com.mjc.school.service.NewsControllerTest" time="0.014"/>
  <testcase name="createNewsLengthExceptionTitleIsTooBig()" classname="com.mjc.school.service.NewsControllerTest" time="0.006"/>
  <testcase name="getNews()" classname="com.mjc.school.service.NewsControllerTest" time="0.004"/>
  <testcase name="createNewsLengthExceptionContentIsTooSmall()" classname="com.mjc.school.service.NewsControllerTest" time="0.005"/>
  <testcase name="getAllNews()" classname="com.mjc.school.service.NewsControllerTest" time="0.012"/>
  <testcase name="createNewsAuthorNotFound()" classname="com.mjc.school.service.NewsControllerTest" time="0.009"/>
  <testcase name="createNews()" classname="com.mjc.school.service.NewsControllerTest" time="0.008"/>
  <testcase name="deleteNews()" classname="com.mjc.school.service.NewsControllerTest" time="0.007"/>
  <system-out><![CDATA[F:\JavaProjects\stage3-module1-task
F:\JavaProjects\stage3-module1-task
F:\JavaProjects\stage3-module1-task
F:\JavaProjects\stage3-module1-task
F:\JavaProjects\stage3-module1-task
F:\JavaProjects\stage3-module1-task
F:\JavaProjects\stage3-module1-task
F:\JavaProjects\stage3-module1-task
F:\JavaProjects\stage3-module1-task
F:\JavaProjects\stage3-module1-task
F:\JavaProjects\stage3-module1-task
F:\JavaProjects\stage3-module1-task
F:\JavaProjects\stage3-module1-task
F:\JavaProjects\stage3-module1-task
F:\JavaProjects\stage3-module1-task
F:\JavaProjects\stage3-module1-task
F:\JavaProjects\stage3-module1-task
F:\JavaProjects\stage3-module1-task
F:\JavaProjects\stage3-module1-task
F:\JavaProjects\stage3-module1-task
F:\JavaProjects\stage3-module1-task
F:\JavaProjects\stage3-module1-task
F:\JavaProjects\stage3-module1-task
F:\JavaProjects\stage3-module1-task
F:\JavaProjects\stage3-module1-task
F:\JavaProjects\stage3-module1-task
F:\JavaProjects\stage3-module1-task
F:\JavaProjects\stage3-module1-task
F:\JavaProjects\stage3-module1-task
F:\JavaProjects\stage3-module1-task
F:\JavaProjects\stage3-module1-task
F:\JavaProjects\stage3-module1-task
F:\JavaProjects\stage3-module1-task
F:\JavaProjects\stage3-module1-task
F:\JavaProjects\stage3-module1-task
F:\JavaProjects\stage3-module1-task
F:\JavaProjects\stage3-module1-task
F:\JavaProjects\stage3-module1-task
F:\JavaProjects\stage3-module1-task
F:\JavaProjects\stage3-module1-task
F:\JavaProjects\stage3-module1-task
F:\JavaProjects\stage3-module1-task
F:\JavaProjects\stage3-module1-task
F:\JavaProjects\stage3-module1-task
F:\JavaProjects\stage3-module1-task
F:\JavaProjects\stage3-module1-task
F:\JavaProjects\stage3-module1-task
F:\JavaProjects\stage3-module1-task
F:\JavaProjects\stage3-module1-task
F:\JavaProjects\stage3-module1-task
F:\JavaProjects\stage3-module1-task
F:\JavaProjects\stage3-module1-task
F:\JavaProjects\stage3-module1-task
F:\JavaProjects\stage3-module1-task
F:\JavaProjects\stage3-module1-task
F:\JavaProjects\stage3-module1-task
F:\JavaProjects\stage3-module1-task
F:\JavaProjects\stage3-module1-task
F:\JavaProjects\stage3-module1-task
F:\JavaProjects\stage3-module1-task
F:\JavaProjects\stage3-module1-task
]]></system-out>
  <system-err><![CDATA[]]></system-err>
</testsuite>
