<?xml version="1.0" encoding="UTF-8"?>
<testsuite name="com.mjc.school.repository.persistance.dao.NewsRepositoryTest" tests="2" skipped="0" failures="0" errors="0" timestamp="2023-06-22T09:08:49" hostname="NAZIGYGABYTE" time="0.18">
  <properties/>
  <testcase name="getAllNews()" classname="com.mjc.school.repository.persistance.dao.NewsRepositoryTest" time="0.169"/>
  <testcase name="getAllAuthors()" classname="com.mjc.school.repository.persistance.dao.NewsRepositoryTest" time="0.01"/>
  <system-out><![CDATA[]]></system-out>
  <system-err><![CDATA[]]></system-err>
</testsuite>
