<?xml version="1.0" encoding="UTF-8"?>
<testsuite name="com.mjc.school.repository.mapper.AuthorMapperTest" tests="2" skipped="0" failures="0" errors="0" timestamp="2023-06-22T12:59:58" hostname="NAZIGYGABYTE" time="0.004">
  <properties/>
  <testcase name="dtoToSource()" classname="com.mjc.school.repository.mapper.AuthorMapperTest" time="0.002"/>
  <testcase name="sourceToDTO()" classname="com.mjc.school.repository.mapper.AuthorMapperTest" time="0.001"/>
  <system-out><![CDATA[]]></system-out>
  <system-err><![CDATA[]]></system-err>
</testsuite>
